<?xml version="1.0" encoding="UTF-8"?>
<!-- Generated by org.testng.reporters.JUnitReportReporter -->
<testsuite hostname="LAPTOP-I0FRDO6Q" failures="0" tests="1" name="testCases.LoginTestCase" time="12.114" errors="0" timestamp="2022-12-14T01:56:57 IST" skipped="0">
  <testcase classname="testCases.LoginTestCase" name="method1" time="12.114"/>
  <system-out/>
</testsuite> <!-- testCases.LoginTestCase -->
