<?xml version="1.0" encoding="UTF-8"?>
<!-- Generated by org.testng.reporters.JUnitReportReporter -->
<testsuite hostname="LAPTOP-I0FRDO6Q" failures="0" tests="1" name="testCases.testcase" time="5.828" errors="0" timestamp="2022-12-13T15:02:25 IST" skipped="0">
  <testcase classname="testCases.testcase" name="method1" time="5.828"/>
  <system-out/>
</testsuite> <!-- testCases.testcase -->
