<?xml version="1.0" encoding="UTF-8"?>
<!-- Generated by org.testng.reporters.JUnitReportReporter -->
<testsuite hostname="LAPTOP-I0FRDO6Q" failures="0" tests="1" name="testCases.SignUpTestCase" time="19.180" errors="0" timestamp="2022-12-14T01:52:13 IST" skipped="0">
  <testcase classname="testCases.SignUpTestCase" name="Method1" time="19.180"/>
  <system-out/>
</testsuite> <!-- testCases.SignUpTestCase -->
